<?xml version="1.0" encoding="UTF-8"?>
<testng-results ignored="0" total="4" passed="4" failed="0" skipped="0">
  <reporter-output>
  </reporter-output>
  <suite started-at="2021-09-27T06:43:24Z" name="Suite" finished-at="2021-09-27T06:43:38Z" duration-ms="13875">
    <groups>
    </groups>
    <test started-at="2021-09-27T06:43:24Z" name="Tests" finished-at="2021-09-27T06:43:24Z" duration-ms="115">
      <class name="LoginTests.A_test">
        <test-method signature="invalidLoginTest()[pri:0, instance:LoginTests.A_test@6ee4d9ab]" started-at="2021-09-27T06:43:24Z" name="invalidLoginTest" description="Invalid Test" finished-at="2021-09-27T06:43:24Z" duration-ms="36" status="PASS">
          <reporter-output>
          </reporter-output>
        </test-method> <!-- invalidLoginTest -->
        <test-method signature="validLoginTest()[pri:0, instance:LoginTests.A_test@6ee4d9ab]" started-at="2021-09-27T06:43:24Z" name="validLoginTest" description="Valid Test" finished-at="2021-09-27T06:43:24Z" duration-ms="6" status="PASS">
          <reporter-output>
          </reporter-output>
        </test-method> <!-- validLoginTest -->
      </class> <!-- LoginTests.A_test -->
    </test> <!-- Tests -->
    <test started-at="2021-09-27T06:43:25Z" name="Test1" finished-at="2021-09-27T06:43:25Z" duration-ms="13">
      <class name="LoginTests.B_comparisonTC">
        <test-method signature="checkComparison()[pri:0, instance:LoginTests.B_comparisonTC@25f4878b]" started-at="2021-09-27T06:43:25Z" name="checkComparison" finished-at="2021-09-27T06:43:25Z" duration-ms="8" status="PASS">
          <reporter-output>
          </reporter-output>
        </test-method> <!-- checkComparison -->
      </class> <!-- LoginTests.B_comparisonTC -->
    </test> <!-- Test1 -->
    <test started-at="2021-09-27T06:43:25Z" name="Test2" finished-at="2021-09-27T06:43:38Z" duration-ms="13555">
      <class name="LoginTests.D_LoginAuth">
        <test-method is-config="true" signature="beforeTest()[pri:0, instance:LoginTests.D_LoginAuth@43b9fd5]" started-at="2021-09-27T06:43:25Z" name="beforeTest" finished-at="2021-09-27T06:43:28Z" duration-ms="3757" status="PASS">
          <reporter-output>
          </reporter-output>
        </test-method> <!-- beforeTest -->
        <test-method signature="doLogin()[pri:0, instance:LoginTests.D_LoginAuth@43b9fd5]" started-at="2021-09-27T06:43:28Z" name="doLogin" finished-at="2021-09-27T06:43:35Z" duration-ms="6987" status="PASS">
          <reporter-output>
          </reporter-output>
        </test-method> <!-- doLogin -->
        <test-method is-config="true" signature="afterTest()[pri:0, instance:LoginTests.D_LoginAuth@43b9fd5]" started-at="2021-09-27T06:43:35Z" name="afterTest" finished-at="2021-09-27T06:43:38Z" duration-ms="2802" status="PASS">
          <reporter-output>
          </reporter-output>
        </test-method> <!-- afterTest -->
      </class> <!-- LoginTests.D_LoginAuth -->
    </test> <!-- Test2 -->
  </suite> <!-- Suite -->
</testng-results>
